<?xml version="1.0" encoding="UTF-8"?>
<!-- Generated by org.testng.reporters.JUnitXMLReporter -->
<testsuite ignored="1" hostname="DESKTOP-JTON085" failures="0" tests="2" name="GRP-ahmad" time="0.086" errors="0" timestamp="2023-01-15T12:45:37 EET">
  <testcase classname="customer.Login" name="TestAdding" time="0.005"/>
  <testcase classname="customer.Login" name="AAATestThree" time="0.002"/>
  <testcase classname="customer.Login" name="LoginAsCustomer" time="0.0">
    <ignored/>
  </testcase> <!-- LoginAsCustomer -->
</testsuite> <!-- GRP-ahmad -->
