<?xml version="1.0" encoding="UTF-8"?>
<!-- Generated by org.testng.reporters.JUnitXMLReporter -->
<testsuite ignored="0" hostname="DESKTOP-JTON085" failures="0" tests="3" name="Default test" time="9.341" errors="0" timestamp="2023-01-15T20:37:09 EET">
  <testcase classname="manager.Login" name="LoginAsCustomer" time="1.667"/>
  <testcase classname="manager.Login" name="OpenAccountAsManager" time="0.617"/>
  <testcase classname="manager.Login" name="Custumers" time="4.608"/>
</testsuite> <!-- Default test -->
